auth INFO _internal.py(187) _log(): [31m[1mWARNING: This is a development server. Do not use it in a production deployment. Use a production WSGI server instead.[0m
 * Running on http://127.0.0.1:5001
auth INFO _internal.py(187) _log(): [33mPress CTRL+C to quit[0m
auth DEBUG autenticator.py(29) decorated_function(): Verificar Api-Key Auth
auth DEBUG autenticator.py(54) post(): Entro POST Auth
auth DEBUG autenticator.py(57) post(): HTTP REQUEST HEADERS: Host: localhost:5001
User-Agent: python-requests/2.25.1
Accept-Encoding: gzip, deflate
Accept: */*
Connection: keep-alive
Content-Length: 165
Content-Type: application/json


auth DEBUG autenticator.py(58) post(): HTTP REQUEST DATA: b'{"operation": "get_token", "params": {"username": "jcorrea", "password": "12345678j", "apikey": "0c3ac2fa-f79a-4503-a0ea-f950dd0a5b66", "authcontext": "APP_CONTRI"}}'
auth INFO autenticator.py(60) post(): @REQUEST POST {"operation": "get_token", "params": {"username": "jcorrea", "password": "12345678j", "apikey": "0c3ac2fa-f79a-4503-a0ea-f950dd0a5b66", "authcontext": "APP_CONTRI"}}
auth DEBUG autenticator.py(81) post(): SELECT u.nombre username, p.passwd, u.estado est_usuario, r.nombre rol, c.nombre contexto
                            FROM testdta.usuario u 
                            join testdta."password" p on u.id = p.usuario_id
                            join testdta.usu_x_rol uxr on u.id = uxr.usuario_id 
                            join testdta.rol r on uxr.rol_id = r.id
                            join testdta.usu_x_contexto uxc on u.id = uxc.usuario_id 
                            join testdta.contexto c on uxc.contexto_id = c.id
                            where u.estado = 'ACT'
                            and u.nombre = 'jcorrea'
                            and p.passwd = 'MTIzNDU2Nzhq'
                            and c.nombre = 'APP_CONTRI';
                            
auth INFO autenticator.py(110) post(): @REQUEST GET /aut/login? @RESPONSE {"codigo": 1000, "descripcion": "Sesion iniciada con exito", "objetoJson": [], "arrayJson": [{"token": "PRVH4ZNhygx2UlyrLQjtnlzFJihiq32gQUcRLuPBCXqacLvBY3lh6HwObUGYApw3uvkJRYZudXo0kwrM"}]}
auth INFO _internal.py(187) _log(): 127.0.0.1 - - [13/Jul/2023 12:13:27] "POST /aut/login HTTP/1.1" 200 -
auth DEBUG autenticator.py(29) decorated_function(): Verificar Api-Key Auth
auth DEBUG autenticator.py(54) post(): Entro POST Auth
auth DEBUG autenticator.py(57) post(): HTTP REQUEST HEADERS: Host: localhost:5001
User-Agent: python-requests/2.25.1
Accept-Encoding: gzip, deflate
Accept: */*
Connection: keep-alive
Content-Length: 165
Content-Type: application/json


auth DEBUG autenticator.py(58) post(): HTTP REQUEST DATA: b'{"operation": "get_token", "params": {"username": "jcorrea", "password": "12345678j", "apikey": "0c3ac2fa-f79a-4503-a0ea-f950dd0a5b66", "authcontext": "APP_CONTRI"}}'
auth INFO autenticator.py(60) post(): @REQUEST POST {"operation": "get_token", "params": {"username": "jcorrea", "password": "12345678j", "apikey": "0c3ac2fa-f79a-4503-a0ea-f950dd0a5b66", "authcontext": "APP_CONTRI"}}
auth DEBUG autenticator.py(81) post(): SELECT u.nombre username, p.passwd, u.estado est_usuario, r.nombre rol, c.nombre contexto
                            FROM testdta.usuario u 
                            join testdta."password" p on u.id = p.usuario_id
                            join testdta.usu_x_rol uxr on u.id = uxr.usuario_id 
                            join testdta.rol r on uxr.rol_id = r.id
                            join testdta.usu_x_contexto uxc on u.id = uxc.usuario_id 
                            join testdta.contexto c on uxc.contexto_id = c.id
                            where u.estado = 'ACT'
                            and u.nombre = 'jcorrea'
                            and p.passwd = 'MTIzNDU2Nzhq'
                            and c.nombre = 'APP_CONTRI';
                            
auth INFO autenticator.py(110) post(): @REQUEST GET /aut/login? @RESPONSE {"codigo": 1000, "descripcion": "Sesion iniciada con exito", "objetoJson": [], "arrayJson": [{"token": "iKTMX0B8K4S0TlZd1AzEW5HekMiKxq9WC8NIllZKhqOwbor7x6syv2rpHsREnXxlkKIlaPfOCPnSwkcj"}]}
auth INFO _internal.py(187) _log(): 127.0.0.1 - - [13/Jul/2023 12:13:40] "POST /aut/login HTTP/1.1" 200 -
auth DEBUG autenticator.py(29) decorated_function(): Verificar Api-Key Auth
auth DEBUG autenticator.py(54) post(): Entro POST Auth
auth DEBUG autenticator.py(57) post(): HTTP REQUEST HEADERS: Host: localhost:5001
User-Agent: python-requests/2.25.1
Accept-Encoding: gzip, deflate
Accept: */*
Connection: keep-alive
Content-Length: 165
Content-Type: application/json


auth DEBUG autenticator.py(58) post(): HTTP REQUEST DATA: b'{"operation": "get_token", "params": {"username": "jcorrea", "password": "12345678j", "apikey": "0c3ac2fa-f79a-4503-a0ea-f950dd0a5b66", "authcontext": "APP_CONTRI"}}'
auth INFO autenticator.py(60) post(): @REQUEST POST {"operation": "get_token", "params": {"username": "jcorrea", "password": "12345678j", "apikey": "0c3ac2fa-f79a-4503-a0ea-f950dd0a5b66", "authcontext": "APP_CONTRI"}}
auth DEBUG autenticator.py(81) post(): SELECT u.nombre username, p.passwd, u.estado est_usuario, r.nombre rol, c.nombre contexto
                            FROM testdta.usuario u 
                            join testdta."password" p on u.id = p.usuario_id
                            join testdta.usu_x_rol uxr on u.id = uxr.usuario_id 
                            join testdta.rol r on uxr.rol_id = r.id
                            join testdta.usu_x_contexto uxc on u.id = uxc.usuario_id 
                            join testdta.contexto c on uxc.contexto_id = c.id
                            where u.estado = 'ACT'
                            and u.nombre = 'jcorrea'
                            and p.passwd = 'MTIzNDU2Nzhq'
                            and c.nombre = 'APP_CONTRI';
                            
auth INFO autenticator.py(110) post(): @REQUEST GET /aut/login? @RESPONSE {"codigo": 1000, "descripcion": "Sesion iniciada con exito", "objetoJson": [], "arrayJson": [{"token": "4NsX3YHaU4IfPm27rnaD9X7lpnBKujskCP6i3gXldFyCnqRKYsadPPhtdpwWXVmEcWjKkZK8JIlExKln"}]}
auth INFO _internal.py(187) _log(): 127.0.0.1 - - [13/Jul/2023 12:14:01] "POST /aut/login HTTP/1.1" 200 -
auth INFO _internal.py(187) _log(): [31m[1mWARNING: This is a development server. Do not use it in a production deployment. Use a production WSGI server instead.[0m
 * Running on http://127.0.0.1:5001
auth INFO _internal.py(187) _log(): [33mPress CTRL+C to quit[0m
